
  .   ____          _            __ _ _
 /\\ / ___'_ __ _ _(_)_ __  __ _ \ \ \ \
( ( )\___ | '_ | '_| | '_ \/ _` | \ \ \ \
 \\/  ___)| |_)| | | | | || (_| |  ) ) ) )
  '  |____| .__|_| |_|_| |_\__, | / / / /
 =========|_|==============|___/=/_/_/_/
 :: Spring Boot ::        (v2.1.3.RELEASE)

2019-03-08 16:37:35.790  INFO 27815 --- [           main] cl.antarctica.apg.ApgApplication         : Starting ApgApplication v0.0.1-SNAPSHOT on devander0 with PID 27815 (/opt/apg/target/apg-0.0.1-SNAPSHOT.jar started by root in /opt/apg)
2019-03-08 16:37:35.795  INFO 27815 --- [           main] cl.antarctica.apg.ApgApplication         : No active profile set, falling back to default profiles: default
2019-03-08 16:37:36.934  INFO 27815 --- [           main] .s.d.r.c.RepositoryConfigurationDelegate : Bootstrapping Spring Data repositories in DEFAULT mode.
2019-03-08 16:37:37.121  INFO 27815 --- [           main] .s.d.r.c.RepositoryConfigurationDelegate : Finished Spring Data repository scanning in 177ms. Found 23 repository interfaces.
2019-03-08 16:37:37.574  INFO 27815 --- [           main] trationDelegate$BeanPostProcessorChecker : Bean 'org.springframework.transaction.annotation.ProxyTransactionManagementConfiguration' of type [org.springframework.transaction.annotation.ProxyTransactionManagementConfiguration$$EnhancerBySpringCGLIB$$8b31c5f7] is not eligible for getting processed by all BeanPostProcessors (for example: not eligible for auto-proxying)
2019-03-08 16:37:38.053  INFO 27815 --- [           main] o.s.b.w.embedded.tomcat.TomcatWebServer  : Tomcat initialized with port(s): 8081 (http)
2019-03-08 16:37:38.093  INFO 27815 --- [           main] o.apache.catalina.core.StandardService   : Starting service [Tomcat]
2019-03-08 16:37:38.094  INFO 27815 --- [           main] org.apache.catalina.core.StandardEngine  : Starting Servlet engine: [Apache Tomcat/9.0.16]
2019-03-08 16:37:38.108  INFO 27815 --- [           main] o.a.catalina.core.AprLifecycleListener   : The APR based Apache Tomcat Native library which allows optimal performance in production environments was not found on the java.library.path: [/usr/java/packages/lib/amd64:/usr/lib64:/lib64:/lib:/usr/lib]
2019-03-08 16:37:38.316  INFO 27815 --- [           main] o.a.c.c.C.[Tomcat].[localhost].[/]       : Initializing Spring embedded WebApplicationContext
2019-03-08 16:37:38.316  INFO 27815 --- [           main] o.s.web.context.ContextLoader            : Root WebApplicationContext: initialization completed in 2437 ms
2019-03-08 16:37:38.545  INFO 27815 --- [           main] com.zaxxer.hikari.HikariDataSource       : HikariPool-1 - Starting...
2019-03-08 16:37:38.752  INFO 27815 --- [           main] com.zaxxer.hikari.HikariDataSource       : HikariPool-1 - Start completed.
2019-03-08 16:37:38.804  INFO 27815 --- [           main] o.hibernate.jpa.internal.util.LogHelper  : HHH000204: Processing PersistenceUnitInfo [
	name: default
	...]
2019-03-08 16:37:38.878  INFO 27815 --- [           main] org.hibernate.Version                    : HHH000412: Hibernate Core {5.3.7.Final}
2019-03-08 16:37:38.879  INFO 27815 --- [           main] org.hibernate.cfg.Environment            : HHH000206: hibernate.properties not found
2019-03-08 16:37:39.015  INFO 27815 --- [           main] o.hibernate.annotations.common.Version   : HCANN000001: Hibernate Commons Annotations {5.0.4.Final}
2019-03-08 16:37:39.287  INFO 27815 --- [           main] org.hibernate.dialect.Dialect            : HHH000400: Using dialect: org.hibernate.dialect.MySQL5InnoDBDialect
2019-03-08 16:37:40.675  INFO 27815 --- [           main] j.LocalContainerEntityManagerFactoryBean : Initialized JPA EntityManagerFactory for persistence unit 'default'
2019-03-08 16:37:40.744  WARN 27815 --- [           main] aWebConfiguration$JpaWebMvcConfiguration : spring.jpa.open-in-view is enabled by default. Therefore, database queries may be performed during view rendering. Explicitly configure spring.jpa.open-in-view to disable this warning
2019-03-08 16:37:42.181  INFO 27815 --- [           main] .s.s.UserDetailsServiceAutoConfiguration : 

Using generated security password: 93831731-fd34-4298-9b33-38ecbfc62e55

2019-03-08 16:37:42.248  INFO 27815 --- [           main] o.s.s.web.DefaultSecurityFilterChain     : Creating filter chain: Ant [pattern='/api/**/**'], []
2019-03-08 16:37:42.248  INFO 27815 --- [           main] o.s.s.web.DefaultSecurityFilterChain     : Creating filter chain: Ant [pattern='/api/dimension-controller/**'], []
2019-03-08 16:37:42.248  INFO 27815 --- [           main] o.s.s.web.DefaultSecurityFilterChain     : Creating filter chain: Ant [pattern='/api/rol-controller/**'], []
2019-03-08 16:37:42.248  INFO 27815 --- [           main] o.s.s.web.DefaultSecurityFilterChain     : Creating filter chain: Ant [pattern='/api/presupuesto-controller/**'], []
2019-03-08 16:37:42.248  INFO 27815 --- [           main] o.s.s.web.DefaultSecurityFilterChain     : Creating filter chain: Ant [pattern='/api/parametro-controller/**'], []
2019-03-08 16:37:42.248  INFO 27815 --- [           main] o.s.s.web.DefaultSecurityFilterChain     : Creating filter chain: Ant [pattern='/api/usuario-controller/new'], []
2019-03-08 16:37:42.248  INFO 27815 --- [           main] o.s.s.web.DefaultSecurityFilterChain     : Creating filter chain: Ant [pattern='/api/usuario-controller/list'], []
2019-03-08 16:37:42.249  INFO 27815 --- [           main] o.s.s.web.DefaultSecurityFilterChain     : Creating filter chain: Ant [pattern='/api/usuario-controller/update/**'], []
2019-03-08 16:37:42.249  INFO 27815 --- [           main] o.s.s.web.DefaultSecurityFilterChain     : Creating filter chain: Ant [pattern='/api/auth-controller/login'], []
2019-03-08 16:37:42.249  INFO 27815 --- [           main] o.s.s.web.DefaultSecurityFilterChain     : Creating filter chain: Ant [pattern='/api/usuario-controller/update/password'], []
2019-03-08 16:37:42.249  INFO 27815 --- [           main] o.s.s.web.DefaultSecurityFilterChain     : Creating filter chain: Ant [pattern='/api/usuario-controller/reset-password/**'], []
2019-03-08 16:37:42.249  INFO 27815 --- [           main] o.s.s.web.DefaultSecurityFilterChain     : Creating filter chain: Ant [pattern='/api/api-ruta-controller/all-routes'], []
2019-03-08 16:37:42.249  INFO 27815 --- [           main] o.s.s.web.DefaultSecurityFilterChain     : Creating filter chain: Ant [pattern='/api/api-ruta-controller/**'], []
2019-03-08 16:37:42.285  INFO 27815 --- [           main] o.s.s.web.DefaultSecurityFilterChain     : Creating filter chain: any request, [org.springframework.security.web.context.request.async.WebAsyncManagerIntegrationFilter@1639f93a, org.springframework.security.web.context.SecurityContextPersistenceFilter@31f20c9f, org.springframework.security.web.header.HeaderWriterFilter@299270eb, org.springframework.security.web.authentication.logout.LogoutFilter@49a26d19, cl.antarctica.apg.security.JWTFilter@3491e86e, org.springframework.security.web.authentication.www.BasicAuthenticationFilter@243f003c, org.springframework.security.web.savedrequest.RequestCacheAwareFilter@32f0c7f8, org.springframework.security.web.servletapi.SecurityContextHolderAwareRequestFilter@5d1b9c3d, org.springframework.security.web.authentication.AnonymousAuthenticationFilter@68f32020, org.springframework.security.web.session.SessionManagementFilter@69fa8e76, org.springframework.security.web.access.ExceptionTranslationFilter@1128620c, org.springframework.security.web.access.intercept.FilterSecurityInterceptor@7c853486]
2019-03-08 16:37:42.458  INFO 27815 --- [           main] o.s.s.concurrent.ThreadPoolTaskExecutor  : Initializing ExecutorService 'applicationTaskExecutor'
2019-03-08 16:37:42.800  INFO 27815 --- [           main] o.s.b.w.embedded.tomcat.TomcatWebServer  : Tomcat started on port(s): 8081 (http) with context path ''
2019-03-08 16:37:42.802  INFO 27815 --- [           main] cl.antarctica.apg.ApgApplication         : Started ApgApplication in 7.502 seconds (JVM running for 8.094)
2019-03-08 16:38:01.338  INFO 27815 --- [nio-8081-exec-1] o.a.c.c.C.[Tomcat].[localhost].[/]       : Initializing Spring DispatcherServlet 'dispatcherServlet'
2019-03-08 16:38:01.339  INFO 27815 --- [nio-8081-exec-1] o.s.web.servlet.DispatcherServlet        : Initializing Servlet 'dispatcherServlet'
2019-03-08 16:38:01.351  INFO 27815 --- [nio-8081-exec-1] o.s.web.servlet.DispatcherServlet        : Completed initialization in 12 ms
2019-03-08 16:38:01.435  INFO 27815 --- [nio-8081-exec-1] o.h.h.i.QueryTranslatorFactoryInitiator  : HHH000397: Using ASTQueryTranslatorFactory
2019-03-08 16:38:05.450  INFO 27815 --- [       Thread-3] o.s.s.concurrent.ThreadPoolTaskExecutor  : Shutting down ExecutorService 'applicationTaskExecutor'
2019-03-08 16:38:05.458  INFO 27815 --- [       Thread-3] j.LocalContainerEntityManagerFactoryBean : Closing JPA EntityManagerFactory for persistence unit 'default'
2019-03-08 16:38:05.460  INFO 27815 --- [       Thread-3] com.zaxxer.hikari.HikariDataSource       : HikariPool-1 - Shutdown initiated...
2019-03-08 16:38:05.466  INFO 27815 --- [       Thread-3] com.zaxxer.hikari.HikariDataSource       : HikariPool-1 - Shutdown completed.
